[2024-12-03 10:48:54] 기존 애플리케이션 정리 중...
[2024-12-03 10:48:55] ACR pull 권한 확인 중...
[2024-12-03 10:48:57] AKS가 Managed Identity를 사용하고 있습니다.
[2024-12-03 10:48:57] ACR pull 권한이 이미 설정되어 있다고 가정합니다.
[2024-12-03 10:48:57] 애플리케이션 빌드 중...
[2024-12-03 10:49:21] Docker 이미지 푸시 중...
[2024-12-03 10:51:34] 데이터베이스 설정 중...
[2024-12-03 10:51:34] 데이터베이스 Secret 설정 중...
[2024-12-03 10:51:35] 기존 데이터베이스 정리 중...
[2024-12-03 10:51:37] PostgreSQL 데이터베이스 설정 중...
[2024-12-03 10:51:38] PostgreSQL 준비 상태 대기 중...
[2024-12-03 10:52:00] 데이터베이스 생성 확인 중...
[2024-12-03 10:52:01] 데이터베이스 생성 확인 중... (1/10)
[2024-12-03 10:52:06] 데이터베이스 'telecomdb' 생성 확인 완료
[2024-12-03 10:52:06] MongoDB 데이터베이스 설정 중...
[2024-12-03 10:52:07] 데이터베이스 준비 상태 대기 중...
[2024-12-03 10:52:22] Event Hub 확인 중...
[2024-12-03 10:52:23] 기존 Event Hub 사용
[2024-12-03 10:52:23] Event Hub 연결 문자열 가져오는 중...
[2024-12-03 10:52:24] Event Hub 연결 정보를 Secret으로 저장 중...
[2024-12-03 10:52:24] Event Hub 설정 완료
[2024-12-03 10:52:24] Storage Account 및 Blob Container 설정 중...
[2024-12-03 10:52:27] 애플리케이션 배포를 위한 ConfigMap 생성 중...
[2024-12-03 10:52:28] 애플리케이션 배포 중...
[2024-12-03 10:52:36] Service External IP 대기 중...
[2024-12-03 10:52:36] Command Service URL: http://20.249.184.77:8080
[2024-12-03 10:52:36] Query Service URL: http://20.249.186.82:8080
[2024-12-03 10:52:36] 모든 리소스가 성공적으로 생성되었습니다.
[2024-12-03 10:52:36] === 배포 완료 ===
[2024-12-03 10:52:36] Command 서비스: http://ondal-cqrs-command.ondal-application
[2024-12-03 10:52:36] Query 서비스: http://ondal-cqrs-query.ondal-application
[2024-12-03 10:52:37] Swagger UI: http://ondal-cqrs-command.ondal-application/swagger-ui.html
[2024-12-03 10:52:37] === 상태 확인 명령어 ===
[2024-12-03 10:52:37] kubectl get pods -n ondal-application
[2024-12-03 10:52:37] kubectl get pods -n ondal-database
[2024-12-03 10:52:37] kubectl logs -f deployment/ondal-cqrs-command -n ondal-application
[2024-12-03 10:52:37] kubectl logs -f deployment/ondal-cqrs-query -n ondal-application
[2024-12-03 11:02:03] 기존 애플리케이션 정리 중...
[2024-12-03 11:02:05] ACR pull 권한 확인 중...
[2024-12-03 11:02:06] AKS가 Managed Identity를 사용하고 있습니다.
[2024-12-03 11:02:06] ACR pull 권한이 이미 설정되어 있다고 가정합니다.
[2024-12-03 11:02:06] 애플리케이션 빌드 중...
[2024-12-03 11:02:28] Docker 이미지 푸시 중...
[2024-12-03 11:04:21] 데이터베이스 설정 중...
[2024-12-03 11:04:22] 데이터베이스 Secret 설정 중...
[2024-12-03 11:04:22] 기존 데이터베이스 정리 중...
[2024-12-03 11:04:24] PostgreSQL 데이터베이스 설정 중...
[2024-12-03 11:04:24] PostgreSQL 준비 상태 대기 중...
[2024-12-03 11:04:49] 데이터베이스 생성 확인 중...
[2024-12-03 11:04:50] 데이터베이스 생성 확인 중... (1/10)
[2024-12-03 11:04:56] 데이터베이스 'telecomdb' 생성 확인 완료
[2024-12-03 11:04:56] MongoDB 데이터베이스 설정 중...
[2024-12-03 11:04:56] 데이터베이스 준비 상태 대기 중...
[2024-12-03 11:05:12] Event Hub 확인 중...
[2024-12-03 11:05:13] 기존 Event Hub 사용
[2024-12-03 11:05:13] Event Hub 연결 문자열 가져오는 중...
[2024-12-03 11:05:14] Event Hub 연결 정보를 Secret으로 저장 중...
[2024-12-03 11:05:15] Event Hub 설정 완료
[2024-12-03 11:05:15] Storage Account 및 Blob Container 설정 중...
[2024-12-03 11:05:17] 애플리케이션 배포를 위한 ConfigMap 생성 중...
[2024-12-03 11:05:18] 애플리케이션 배포 중...
[2024-12-03 11:05:26] Service External IP 대기 중...
[2024-12-03 11:05:26] Command Service URL: http://20.249.184.77:8080
[2024-12-03 11:05:26] Query Service URL: http://20.249.186.82:8080
[2024-12-03 11:05:26] 모든 리소스가 성공적으로 생성되었습니다.
[2024-12-03 11:05:26] === 배포 완료 ===
[2024-12-03 11:05:26] Command 서비스: http://ondal-cqrs-command.ondal-application
[2024-12-03 11:05:26] Query 서비스: http://ondal-cqrs-query.ondal-application
[2024-12-03 11:05:26] Swagger UI: http://ondal-cqrs-command.ondal-application/swagger-ui.html
[2024-12-03 11:05:26] === 상태 확인 명령어 ===
[2024-12-03 11:05:26] kubectl get pods -n ondal-application
[2024-12-03 11:05:26] kubectl get pods -n ondal-database
[2024-12-03 11:05:26] kubectl logs -f deployment/ondal-cqrs-command -n ondal-application
[2024-12-03 11:05:26] kubectl logs -f deployment/ondal-cqrs-query -n ondal-application
[2024-12-03 11:17:25] 기존 애플리케이션 정리 중...
[2024-12-03 11:17:27] ACR pull 권한 확인 중...
[2024-12-03 11:17:28] AKS가 Managed Identity를 사용하고 있습니다.
[2024-12-03 11:17:28] ACR pull 권한이 이미 설정되어 있다고 가정합니다.
[2024-12-03 11:17:28] 애플리케이션 빌드 중...
[2024-12-03 11:17:51] Docker 이미지 푸시 중...
[2024-12-03 11:19:42] 데이터베이스 설정 중...
[2024-12-03 11:19:43] 데이터베이스 Secret 설정 중...
[2024-12-03 11:19:43] 기존 데이터베이스 정리 중...
[2024-12-03 11:19:46] PostgreSQL 데이터베이스 설정 중...
[2024-12-03 11:19:47] PostgreSQL 준비 상태 대기 중...
[2024-12-03 11:20:05] 데이터베이스 생성 확인 중...
[2024-12-03 11:20:05] 데이터베이스 생성 확인 중... (1/10)
[2024-12-03 11:20:11] 데이터베이스 'telecomdb' 생성 확인 완료
[2024-12-03 11:20:11] MongoDB 데이터베이스 설정 중...
[2024-12-03 11:20:12] 데이터베이스 준비 상태 대기 중...
[2024-12-03 11:20:31] Event Hub 확인 중...
[2024-12-03 11:20:32] 기존 Event Hub 사용
[2024-12-03 11:20:32] Event Hub 연결 문자열 가져오는 중...
[2024-12-03 11:20:33] Event Hub 연결 정보를 Secret으로 저장 중...
[2024-12-03 11:20:33] Event Hub 설정 완료
[2024-12-03 11:20:33] Storage Account 및 Blob Container 설정 중...
[2024-12-03 11:20:38] 애플리케이션 배포를 위한 ConfigMap 생성 중...
[2024-12-03 11:20:38] 애플리케이션 배포 중...
[2024-12-03 11:20:46] Service External IP 대기 중...
[2024-12-03 11:20:46] Command Service URL: http://20.249.184.77:8080
[2024-12-03 11:20:46] Query Service URL: http://20.249.186.82:8080
[2024-12-03 11:20:46] 모든 리소스가 성공적으로 생성되었습니다.
[2024-12-03 11:20:46] === 배포 완료 ===
[2024-12-03 11:20:46] Command 서비스: http://ondal-cqrs-command.ondal-application
[2024-12-03 11:20:46] Query 서비스: http://ondal-cqrs-query.ondal-application
[2024-12-03 11:20:46] Swagger UI: http://ondal-cqrs-command.ondal-application/swagger-ui.html
[2024-12-03 11:20:46] === 상태 확인 명령어 ===
[2024-12-03 11:20:46] kubectl get pods -n ondal-application
[2024-12-03 11:20:46] kubectl get pods -n ondal-database
[2024-12-03 11:20:46] kubectl logs -f deployment/ondal-cqrs-command -n ondal-application
[2024-12-03 11:20:46] kubectl logs -f deployment/ondal-cqrs-query -n ondal-application
[2024-12-03 11:28:44] 기존 애플리케이션 정리 중...
[2024-12-03 11:28:45] ACR pull 권한 확인 중...
[2024-12-03 11:28:47] AKS가 Managed Identity를 사용하고 있습니다.
[2024-12-03 11:28:47] ACR pull 권한이 이미 설정되어 있다고 가정합니다.
[2024-12-03 11:28:47] 애플리케이션 빌드 중...
[2024-12-03 11:29:02] Docker 이미지 푸시 중...
[2024-12-03 11:30:59] 데이터베이스 설정 중...
[2024-12-03 11:30:59] 데이터베이스 Secret 설정 중...
[2024-12-03 11:31:00] 기존 데이터베이스 정리 중...
[2024-12-03 11:31:02] PostgreSQL 데이터베이스 설정 중...
[2024-12-03 11:31:03] PostgreSQL 준비 상태 대기 중...
[2024-12-03 11:31:18] 데이터베이스 생성 확인 중...
[2024-12-03 11:31:20] 데이터베이스 생성 확인 중... (1/10)
[2024-12-03 11:31:25] 데이터베이스 'telecomdb' 생성 확인 완료
[2024-12-03 11:31:26] MongoDB 데이터베이스 설정 중...
[2024-12-03 11:31:26] 데이터베이스 준비 상태 대기 중...
[2024-12-03 11:31:44] Event Hub 확인 중...
[2024-12-03 11:31:45] 기존 Event Hub 사용
[2024-12-03 11:31:45] Event Hub 연결 문자열 가져오는 중...
[2024-12-03 11:31:46] Event Hub 연결 정보를 Secret으로 저장 중...
[2024-12-03 11:31:46] Event Hub 설정 완료
[2024-12-03 11:31:46] Storage Account 및 Blob Container 설정 중...
[2024-12-03 11:31:49] 애플리케이션 배포를 위한 ConfigMap 생성 중...
[2024-12-03 11:31:49] 애플리케이션 배포 중...
[2024-12-03 11:31:57] Service External IP 대기 중...
[2024-12-03 11:31:57] Command Service URL: http://20.249.184.77:8080
[2024-12-03 11:31:57] Query Service URL: http://20.249.186.82:8080
[2024-12-03 11:31:57] 모든 리소스가 성공적으로 생성되었습니다.
[2024-12-03 11:31:57] === 배포 완료 ===
[2024-12-03 11:31:57] Command 서비스: http://ondal-cqrs-command.ondal-application
[2024-12-03 11:31:57] Query 서비스: http://ondal-cqrs-query.ondal-application
[2024-12-03 11:31:57] Swagger UI: http://ondal-cqrs-command.ondal-application/swagger-ui.html
[2024-12-03 11:31:57] === 상태 확인 명령어 ===
[2024-12-03 11:31:57] kubectl get pods -n ondal-application
[2024-12-03 11:31:57] kubectl get pods -n ondal-database
[2024-12-03 11:31:57] kubectl logs -f deployment/ondal-cqrs-command -n ondal-application
[2024-12-03 11:31:57] kubectl logs -f deployment/ondal-cqrs-query -n ondal-application
[2024-12-03 11:45:15] 기존 애플리케이션 정리 중...
[2024-12-03 11:45:16] ACR pull 권한 확인 중...
[2024-12-03 11:45:18] AKS가 Managed Identity를 사용하고 있습니다.
[2024-12-03 11:45:18] ACR pull 권한이 이미 설정되어 있다고 가정합니다.
[2024-12-03 11:45:18] 애플리케이션 빌드 중...
[2024-12-03 11:45:31] Error: Command 서비스 이미지 빌드 실패
[2024-12-03 11:55:29] 기존 애플리케이션 정리 중...
[2024-12-03 11:55:31] ACR pull 권한 확인 중...
[2024-12-03 11:55:33] AKS가 Managed Identity를 사용하고 있습니다.
[2024-12-03 11:55:33] ACR pull 권한이 이미 설정되어 있다고 가정합니다.
[2024-12-03 11:55:33] 애플리케이션 빌드 중...
[2024-12-03 11:55:53] Docker 이미지 푸시 중...
[2024-12-03 11:57:46] 데이터베이스 설정 중...
[2024-12-03 11:57:47] 데이터베이스 Secret 설정 중...
[2024-12-03 11:57:47] 기존 데이터베이스 정리 중...
[2024-12-03 11:57:49] PostgreSQL 데이터베이스 설정 중...
[2024-12-03 11:57:50] PostgreSQL 준비 상태 대기 중...
[2024-12-03 11:58:14] 데이터베이스 생성 확인 중...
[2024-12-03 11:58:15] 데이터베이스 생성 확인 중... (1/10)
[2024-12-03 11:58:21] 데이터베이스 'telecomdb' 생성 확인 완료
[2024-12-03 11:58:21] MongoDB 데이터베이스 설정 중...
[2024-12-03 11:58:21] 데이터베이스 준비 상태 대기 중...
[2024-12-03 11:58:39] Event Hub 확인 중...
[2024-12-03 11:58:40] 기존 Event Hub 사용
[2024-12-03 11:58:40] Event Hub 연결 문자열 가져오는 중...
[2024-12-03 11:58:42] Event Hub 연결 정보를 Secret으로 저장 중...
[2024-12-03 11:58:42] Event Hub 설정 완료
[2024-12-03 11:58:42] Storage Account 및 Blob Container 설정 중...
[2024-12-03 11:58:46] 애플리케이션 배포를 위한 ConfigMap 생성 중...
[2024-12-03 11:58:46] 애플리케이션 배포 중...
[2024-12-03 11:58:53] Service External IP 대기 중...
[2024-12-03 11:58:53] Command Service URL: http://20.249.184.77:8080
[2024-12-03 11:58:53] Query Service URL: http://20.249.186.82:8080
[2024-12-03 11:58:53] 모든 리소스가 성공적으로 생성되었습니다.
[2024-12-03 11:58:53] === 배포 완료 ===
[2024-12-03 11:58:53] Command 서비스: http://ondal-cqrs-command.ondal-application
[2024-12-03 11:58:53] Query 서비스: http://ondal-cqrs-query.ondal-application
[2024-12-03 11:58:53] Swagger UI: http://ondal-cqrs-command.ondal-application/swagger-ui.html
[2024-12-03 11:58:54] === 상태 확인 명령어 ===
[2024-12-03 11:58:54] kubectl get pods -n ondal-application
[2024-12-03 11:58:54] kubectl get pods -n ondal-database
[2024-12-03 11:58:54] kubectl logs -f deployment/ondal-cqrs-command -n ondal-application
[2024-12-03 11:58:54] kubectl logs -f deployment/ondal-cqrs-query -n ondal-application
[2024-12-03 12:02:47] 기존 애플리케이션 정리 중...
[2024-12-03 12:02:48] ACR pull 권한 확인 중...
[2024-12-03 12:02:50] AKS가 Managed Identity를 사용하고 있습니다.
[2024-12-03 12:02:50] ACR pull 권한이 이미 설정되어 있다고 가정합니다.
[2024-12-03 12:02:50] 애플리케이션 빌드 중...
[2024-12-03 12:03:10] Docker 이미지 푸시 중...
[2024-12-03 12:05:09] 데이터베이스 설정 중...
[2024-12-03 12:05:09] 데이터베이스 Secret 설정 중...
[2024-12-03 12:05:10] 기존 데이터베이스 정리 중...
[2024-12-03 12:05:12] PostgreSQL 데이터베이스 설정 중...
[2024-12-03 12:05:12] PostgreSQL 준비 상태 대기 중...
[2024-12-03 12:05:29] 데이터베이스 생성 확인 중...
[2024-12-03 12:05:30] 데이터베이스 생성 확인 중... (1/10)
[2024-12-03 12:05:36] 데이터베이스 'telecomdb' 생성 확인 완료
[2024-12-03 12:05:36] MongoDB 데이터베이스 설정 중...
[2024-12-03 12:05:36] 데이터베이스 준비 상태 대기 중...
[2024-12-03 12:05:54] Event Hub 확인 중...
[2024-12-03 12:05:55] 기존 Event Hub 사용
[2024-12-03 12:05:55] Event Hub 연결 문자열 가져오는 중...
[2024-12-03 12:05:56] Event Hub 연결 정보를 Secret으로 저장 중...
[2024-12-03 12:05:56] Event Hub 설정 완료
[2024-12-03 12:05:56] Storage Account 및 Blob Container 설정 중...
[2024-12-03 12:05:59] 애플리케이션 배포를 위한 ConfigMap 생성 중...
[2024-12-03 12:06:00] 애플리케이션 배포 중...
[2024-12-03 12:06:07] Service External IP 대기 중...
[2024-12-03 12:06:08] Command Service URL: http://20.249.184.77:8080
[2024-12-03 12:06:08] Query Service URL: http://20.249.186.82:8080
[2024-12-03 12:06:08] 모든 리소스가 성공적으로 생성되었습니다.
[2024-12-03 12:06:08] === 배포 완료 ===
[2024-12-03 12:06:08] Command 서비스: http://ondal-cqrs-command.ondal-application
[2024-12-03 12:06:08] Query 서비스: http://ondal-cqrs-query.ondal-application
[2024-12-03 12:06:08] Swagger UI: http://ondal-cqrs-command.ondal-application/swagger-ui.html
[2024-12-03 12:06:08] === 상태 확인 명령어 ===
[2024-12-03 12:06:08] kubectl get pods -n ondal-application
[2024-12-03 12:06:08] kubectl get pods -n ondal-database
[2024-12-03 12:06:08] kubectl logs -f deployment/ondal-cqrs-command -n ondal-application
[2024-12-03 12:06:08] kubectl logs -f deployment/ondal-cqrs-query -n ondal-application
